TN:
SF:eslint.config.mjs
FN:1,(empty-report)
FNF:1
FNH:0
FNDA:0,(empty-report)
DA:1,0
DA:2,0
DA:3,0
DA:4,0
DA:5,0
DA:6,0
DA:7,0
DA:8,0
DA:9,0
DA:10,0
DA:11,0
DA:12,0
DA:13,0
DA:14,0
DA:15,0
DA:16,0
DA:17,0
DA:18,0
DA:19,0
DA:20,0
DA:21,0
DA:22,0
DA:23,0
DA:24,0
DA:25,0
DA:26,0
DA:27,0
DA:28,0
DA:29,0
LF:29
LH:0
BRDA:1,0,0,0
BRF:1
BRH:0
end_of_record
TN:
SF:vitest.config.ts
FN:1,(empty-report)
FNF:1
FNH:0
FNDA:0,(empty-report)
DA:1,0
DA:2,0
DA:3,0
DA:4,0
DA:5,0
DA:6,0
DA:7,0
DA:8,0
DA:9,0
DA:10,0
DA:11,0
DA:12,0
DA:13,0
DA:14,0
DA:15,0
DA:16,0
DA:17,0
LF:17
LH:0
BRDA:1,0,0,0
BRF:1
BRH:0
end_of_record
TN:
SF:src\router.ts
FN:6,compile
FN:24,<instance_members_initializer>
FN:27,use
FN:32,route
FN:38,match
FN:52,compose
FN:64,send
FN:65,json
FN:66,text
FN:67,notFound
FN:68,unauthorized
FN:69,forbidden
FN:70,badRequest
FN:76,dispatch
FN:92,notFoundHandler
FNF:15
FNH:8
FNDA:34,compile
FNDA:6,<instance_members_initializer>
FNDA:49,use
FNDA:34,route
FNDA:14,match
FNDA:6,compose
FNDA:0,send
FNDA:0,json
FNDA:0,text
FNDA:0,notFound
FNDA:0,unauthorized
FNDA:0,forbidden
FNDA:0,badRequest
FNDA:139,dispatch
FNDA:1,notFoundHandler
DA:1,1
DA:6,34
DA:8,34
DA:9,34
DA:10,34
DA:11,34
DA:12,112
DA:13,24
DA:14,24
DA:15,24
DA:16,88
DA:17,34
DA:18,34
DA:19,34
DA:20,34
DA:21,34
DA:23,1
DA:24,1
DA:25,6
DA:27,6
DA:28,49
DA:29,49
DA:30,49
DA:32,6
DA:33,34
DA:34,34
DA:35,34
DA:36,34
DA:38,6
DA:39,14
DA:40,14
DA:41,62
DA:42,40
DA:43,58
DA:44,13
DA:45,13
DA:46,13
DA:47,13
DA:48,62
DA:49,1
DA:50,14
DA:52,6
DA:53,6
DA:55,6
DA:56,14
DA:57,14
DA:58,14
DA:59,14
DA:60,14
DA:61,14
DA:62,14
DA:63,14
DA:64,14
DA:65,14
DA:66,14
DA:67,14
DA:68,14
DA:69,14
DA:70,14
DA:71,14
DA:73,14
DA:75,14
DA:76,14
DA:77,139
DA:78,139
DA:79,139
DA:80,139
DA:81,139
DA:82,9
DA:83,9
DA:84,130
DA:85,139
DA:87,14
DA:88,13
DA:89,14
DA:90,6
DA:92,6
DA:93,1
LF:78
LH:78
BRDA:6,0,0,34
BRDA:11,1,0,112
BRDA:12,2,0,24
BRDA:15,3,0,88
BRDA:24,4,0,6
BRDA:27,5,0,49
BRDA:32,6,0,34
BRDA:38,7,0,14
BRDA:40,8,0,62
BRDA:41,9,0,22
BRDA:41,10,0,58
BRDA:41,11,0,40
BRDA:43,12,0,13
BRDA:48,13,0,1
BRDA:45,14,0,10
BRDA:45,15,0,0
BRDA:52,16,0,6
BRDA:55,17,0,14
BRDA:56,18,0,0
BRDA:61,19,0,13
BRDA:61,20,0,1
BRDA:87,21,0,13
BRDA:88,22,0,1
BRDA:76,23,0,139
BRDA:77,24,0,0
BRDA:79,25,0,9
BRDA:79,26,0,0
BRDA:79,27,0,130
BRDA:80,28,0,0
BRDA:81,29,0,9
BRDA:83,30,0,130
BRDA:84,31,0,125
BRDA:92,32,0,1
BRF:33
BRH:28
end_of_record
TN:
SF:src\server.ts
FN:19,createApp
FN:54,startServer
FNF:2
FNH:2
FNDA:4,createApp
FNDA:4,startServer
DA:1,1
DA:19,1
DA:20,4
DA:22,4
DA:23,4
DA:24,4
DA:25,4
DA:26,4
DA:27,4
DA:28,4
DA:29,4
DA:30,4
DA:31,4
DA:32,4
DA:35,4
DA:36,4
DA:37,4
DA:40,4
DA:41,4
DA:42,4
DA:43,4
DA:46,4
DA:47,4
DA:48,2
DA:49,4
DA:51,4
DA:52,4
DA:54,1
DA:55,4
DA:56,4
DA:57,4
DA:58,12
DA:59,12
DA:60,0
DA:61,0
DA:62,12
DA:63,4
DA:64,4
DA:66,4
DA:67,4
DA:68,4
DA:69,4
DA:71,1
DA:72,0
DA:73,0
LF:45
LH:41
BRDA:71,0,0,0
BRDA:19,1,0,4
BRDA:32,2,0,0
BRDA:47,3,0,2
BRDA:48,4,0,1
BRDA:54,5,0,4
BRDA:57,6,0,12
BRDA:64,7,0,4
BRF:8
BRH:6
end_of_record
TN:
SF:src\types.ts
FN:1,(empty-report)
FNF:1
FNH:1
FNDA:1,(empty-report)
LF:0
LH:0
BRDA:1,0,0,1
BRF:1
BRH:1
end_of_record
TN:
SF:src\__tests__\config.test.ts
FNF:0
FNH:0
DA:1,1
DA:2,1
DA:4,1
DA:5,1
DA:7,1
DA:8,3
DA:9,1
DA:11,1
DA:12,1
DA:13,1
DA:14,1
DA:15,1
DA:16,1
DA:17,1
DA:19,1
DA:20,1
DA:21,1
DA:22,1
DA:23,1
DA:24,1
DA:25,1
DA:26,1
DA:28,1
DA:29,1
DA:30,1
DA:31,1
DA:32,1
DA:33,1
DA:34,1
DA:36,1
DA:37,1
DA:38,1
DA:39,1
DA:40,1
DA:41,1
DA:42,1
DA:43,1
DA:45,1
DA:46,1
DA:47,1
DA:48,1
DA:49,1
DA:50,1
DA:51,1
LF:44
LH:44
BRDA:4,0,0,1
BRDA:7,1,0,3
BRDA:11,2,0,1
BRDA:28,3,0,1
BRDA:45,4,0,1
BRF:5
BRH:5
end_of_record
TN:
SF:src\__tests__\correlation.test.ts
FNF:0
FNH:0
DA:1,1
DA:2,1
DA:4,1
DA:5,1
DA:6,1
DA:7,1
DA:8,1
DA:9,1
DA:11,1
DA:12,1
DA:13,1
DA:14,1
DA:16,1
DA:17,1
DA:18,1
DA:19,1
DA:20,1
DA:22,1
DA:23,1
DA:24,1
DA:25,1
DA:26,1
DA:27,1
DA:28,1
DA:29,1
LF:25
LH:25
BRDA:4,0,0,1
BRDA:5,1,0,1
BRDA:11,2,0,1
BRDA:16,3,0,1
BRDA:22,4,0,1
BRF:5
BRH:5
end_of_record
TN:
SF:src\__tests__\errors-envelope.test.ts
FNF:0
FNH:0
DA:1,1
DA:2,1
DA:4,1
DA:5,1
DA:7,1
DA:8,1
DA:9,1
DA:10,1
DA:11,1
DA:12,1
DA:14,1
DA:15,1
DA:16,1
DA:18,1
DA:20,1
DA:21,1
DA:22,1
DA:23,1
DA:24,1
DA:25,1
DA:26,1
DA:27,1
DA:28,1
DA:29,1
DA:30,1
LF:25
LH:25
BRDA:7,0,0,1
BRDA:9,1,0,1
BRDA:14,2,0,1
BRDA:15,3,0,1
BRDA:15,4,0,1
BRDA:18,5,0,1
BRF:6
BRH:6
end_of_record
TN:
SF:src\__tests__\pagination.test.ts
FNF:0
FNH:0
DA:1,1
DA:2,1
DA:4,1
DA:5,1
DA:6,1
DA:7,1
DA:8,1
DA:9,1
DA:10,1
DA:12,1
DA:13,1
DA:14,1
DA:15,1
DA:16,1
DA:17,1
DA:19,1
DA:20,1
DA:21,1
DA:22,1
DA:23,1
DA:24,1
DA:26,1
DA:27,1
DA:28,1
DA:29,1
DA:30,1
DA:32,1
DA:33,1
DA:34,1
DA:35,1
DA:36,1
DA:38,1
DA:39,1
DA:40,1
DA:41,1
DA:42,1
DA:44,1
DA:45,1
DA:46,1
DA:47,1
DA:48,1
DA:49,1
DA:50,1
LF:43
LH:43
BRDA:4,0,0,1
BRDA:5,1,0,1
BRDA:12,2,0,1
BRDA:19,3,0,1
BRDA:26,4,0,1
BRDA:32,5,0,1
BRDA:38,6,0,1
BRDA:44,7,0,1
BRF:8
BRH:8
end_of_record
TN:
SF:src\__tests__\request-id.test.ts
FNF:0
FNH:0
DA:1,1
DA:2,1
DA:4,1
DA:5,1
DA:7,1
DA:8,1
DA:9,1
DA:10,1
DA:11,1
DA:12,1
DA:14,1
DA:15,1
DA:16,1
DA:18,1
DA:19,1
DA:20,1
DA:21,1
LF:17
LH:17
BRDA:7,0,0,1
BRDA:9,1,0,1
BRDA:14,2,0,1
BRDA:15,3,0,1
BRDA:15,4,0,1
BRDA:18,5,0,1
BRF:6
BRH:6
end_of_record
TN:
SF:src\__tests__\server.test.ts
FNF:0
FNH:0
DA:1,1
DA:2,1
DA:4,1
DA:5,1
DA:7,1
DA:8,1
DA:9,1
DA:10,1
DA:11,1
DA:12,1
DA:14,1
DA:15,1
DA:16,1
DA:18,1
DA:19,1
DA:20,1
DA:21,1
DA:22,1
DA:23,1
DA:25,1
DA:26,1
DA:27,1
DA:28,1
DA:29,1
DA:31,1
DA:32,1
DA:33,1
DA:34,1
DA:35,1
DA:36,1
DA:37,1
DA:38,1
DA:39,1
DA:41,1
DA:42,1
DA:43,1
DA:44,1
DA:45,1
DA:47,1
DA:48,1
DA:49,1
DA:50,1
DA:51,1
DA:52,1
DA:53,1
DA:54,1
DA:55,1
DA:57,1
DA:58,1
DA:59,1
DA:61,1
DA:62,1
DA:63,1
DA:64,1
DA:65,1
DA:66,1
DA:67,1
LF:57
LH:57
BRDA:7,0,0,1
BRDA:9,1,0,1
BRDA:14,2,0,1
BRDA:15,3,0,1
BRDA:15,4,0,1
BRDA:18,5,0,1
BRDA:25,6,0,1
BRDA:41,7,0,1
BRDA:47,8,0,1
BRDA:57,9,0,1
BRF:10
BRH:10
end_of_record
TN:
SF:src\__tests__\timeout.test.ts
FN:16,ctx.json.ok
FNF:1
FNH:1
FNDA:1,ctx.json.ok
DA:1,1
DA:2,1
DA:3,1
DA:4,1
DA:5,1
DA:8,1
DA:9,1
DA:11,1
DA:12,1
DA:13,1
DA:14,1
DA:15,1
DA:16,1
DA:17,0
DA:18,1
DA:19,1
DA:20,1
DA:21,1
DA:22,0
DA:23,0
DA:24,0
DA:25,0
DA:26,1
DA:27,1
DA:28,1
DA:29,1
DA:30,1
DA:31,1
DA:32,1
DA:34,1
DA:35,1
DA:36,1
DA:38,1
DA:39,1
DA:40,1
DA:41,1
LF:36
LH:31
BRDA:11,0,0,1
BRDA:15,1,0,1
BRDA:16,2,0,0
BRDA:16,3,0,1
BRDA:20,4,0,1
BRDA:29,5,0,1
BRDA:34,6,0,1
BRDA:35,7,0,1
BRDA:35,8,0,1
BRDA:38,9,0,1
BRF:10
BRH:9
end_of_record
TN:
SF:src\__tests__\validate.test.ts
FNF:0
FNH:0
DA:1,1
DA:2,1
DA:3,1
DA:4,1
DA:5,1
DA:6,1
DA:8,1
DA:9,1
DA:11,1
DA:12,1
DA:13,1
DA:14,1
DA:15,1
DA:16,1
DA:17,1
DA:18,1
DA:19,1
DA:20,1
DA:21,1
DA:22,1
DA:23,1
DA:24,1
DA:25,1
DA:26,1
DA:27,0
DA:28,0
DA:29,0
DA:30,0
DA:31,1
DA:32,1
DA:33,1
DA:34,1
DA:35,1
DA:36,1
DA:38,1
DA:39,1
DA:40,1
DA:42,1
DA:43,1
DA:44,1
DA:45,1
DA:46,1
DA:47,1
DA:48,1
DA:49,1
DA:50,1
DA:51,1
DA:52,1
LF:48
LH:44
BRDA:11,0,0,1
BRDA:26,1,0,1
BRDA:33,2,0,1
BRDA:38,3,0,1
BRDA:39,4,0,1
BRDA:39,5,0,1
BRDA:42,6,0,1
BRF:7
BRH:7
end_of_record
TN:
SF:src\__tests__\versioning.test.ts
FNF:0
FNH:0
DA:1,1
DA:2,1
DA:4,1
DA:5,1
DA:7,1
DA:8,1
DA:9,1
DA:10,1
DA:11,1
DA:12,1
DA:14,1
DA:15,1
DA:16,1
DA:18,1
DA:19,1
DA:20,1
DA:21,1
DA:23,1
DA:24,1
DA:25,1
DA:26,1
DA:28,1
DA:29,1
DA:30,1
DA:31,1
DA:32,1
DA:33,1
LF:27
LH:27
BRDA:7,0,0,1
BRDA:9,1,0,1
BRDA:14,2,0,1
BRDA:15,3,0,1
BRDA:15,4,0,1
BRDA:18,5,0,1
BRDA:23,6,0,1
BRDA:28,7,0,1
BRF:8
BRH:8
end_of_record
TN:
SF:src\controllers\health.ts
FN:3,healthz
FN:4,readyz
FNF:2
FNH:1
FNDA:1,healthz
FNDA:0,readyz
DA:3,1
DA:4,1
LF:2
LH:2
BRDA:3,0,0,1
BRF:1
BRH:1
end_of_record
TN:
SF:src\controllers\metrics.ts
FN:9,metricsMiddleware
FN:17,metrics
FNF:2
FNH:1
FNDA:12,metricsMiddleware
FNDA:0,metrics
DA:3,1
DA:4,1
DA:5,1
DA:6,1
DA:7,1
DA:9,1
DA:10,12
DA:11,12
DA:12,12
DA:13,12
DA:14,12
DA:15,12
DA:17,1
DA:18,0
DA:19,0
DA:20,0
DA:21,0
DA:22,0
DA:23,0
LF:19
LH:13
BRDA:9,0,0,12
BRDA:11,1,0,0
BRDA:11,2,0,0
BRDA:12,3,0,8
BRDA:13,4,0,11
BRDA:13,5,0,9
BRDA:14,6,0,5
BRF:7
BRH:5
end_of_record
TN:
SF:src\controllers\v1\demo.ts
FN:5,getEcho
FN:19,postEcho
FN:23,getSecure
FN:28,listUsers
FNF:4
FNH:3
FNDA:4,getEcho
FNDA:1,postEcho
FNDA:1,getSecure
FNDA:0,listUsers
DA:1,1
DA:5,1
DA:6,4
DA:7,4
DA:8,4
DA:9,4
DA:11,4
DA:12,4
DA:13,0
DA:14,0
DA:15,0
DA:16,4
DA:17,4
DA:19,1
DA:20,1
DA:21,1
DA:23,1
DA:24,1
DA:25,1
DA:26,1
DA:28,1
DA:29,0
DA:30,0
DA:31,0
DA:32,0
LF:25
LH:18
BRDA:5,0,0,4
BRDA:6,1,0,3
BRDA:12,2,0,0
BRDA:12,3,0,0
BRDA:19,4,0,1
BRDA:20,5,0,0
BRDA:23,6,0,1
BRF:7
BRH:4
end_of_record
TN:
SF:src\controllers\v1\users.ts
FN:4,getUserById
FNF:1
FNH:0
FNDA:0,getUserById
DA:1,1
DA:4,1
DA:5,0
DA:6,0
DA:7,0
DA:8,0
DA:10,0
DA:11,0
LF:8
LH:2
BRF:0
BRH:0
end_of_record
TN:
SF:src\middleware\auth.ts
FN:8,authFromHeaders
FN:21,requireRole
FN:29,header
FNF:3
FNH:3
FNDA:4,authFromHeaders
FNDA:4,requireRole
FNDA:22,header
DA:8,1
DA:9,4
DA:10,11
DA:11,11
DA:12,11
DA:13,11
DA:14,1
DA:15,1
DA:16,11
DA:17,11
DA:18,4
DA:21,1
DA:22,4
DA:23,2
DA:24,2
DA:25,1
DA:26,2
DA:27,4
DA:29,22
DA:30,22
DA:31,22
DA:32,22
DA:33,22
LF:23
LH:23
BRDA:8,0,0,4
BRDA:9,1,0,11
BRDA:12,2,0,1
BRDA:12,3,0,10
BRDA:13,4,0,1
BRDA:16,5,0,8
BRDA:12,6,0,1
BRDA:21,7,0,4
BRDA:22,8,0,2
BRDA:23,9,0,1
BRDA:24,10,0,1
BRDA:29,11,0,22
BRDA:30,12,0,20
BRDA:31,13,0,0
BRF:14
BRH:13
end_of_record
TN:
SF:src\middleware\cors.ts
FN:3,cors
FNF:1
FNH:1
FNDA:4,cors
DA:3,1
DA:4,4
DA:5,12
DA:6,12
DA:7,12
DA:8,12
DA:9,12
DA:10,12
DA:12,12
DA:13,1
DA:14,1
DA:15,1
DA:16,1
DA:18,11
DA:19,12
DA:20,4
LF:16
LH:16
BRDA:3,0,0,4
BRDA:4,1,0,12
BRDA:12,2,0,1
BRDA:16,3,0,11
BRDA:18,4,0,8
BRF:5
BRH:5
end_of_record
TN:
SF:src\middleware\error.ts
FN:4,errorHandler
FNF:1
FNH:1
FNDA:5,errorHandler
DA:1,1
DA:4,1
DA:5,5
DA:6,13
DA:7,13
DA:8,10
DA:9,4
DA:10,4
DA:11,4
DA:12,4
DA:13,4
DA:14,4
DA:15,4
DA:16,4
DA:17,4
DA:18,4
DA:19,4
DA:20,13
DA:21,5
LF:19
LH:19
BRDA:4,0,0,5
BRDA:5,1,0,13
BRDA:7,2,0,10
BRDA:7,3,0,9
BRDA:8,4,0,4
BRDA:9,5,0,0
BRDA:14,6,0,2
BRDA:14,7,0,2
BRF:8
BRH:7
end_of_record
TN:
SF:src\middleware\json.ts
FN:4,jsonBodyParser
FNF:1
FNH:1
FNDA:5,jsonBodyParser
DA:1,1
DA:4,1
DA:5,5
DA:6,12
DA:7,12
DA:8,12
DA:10,12
DA:11,12
DA:12,0
DA:13,0
DA:15,4
DA:16,4
DA:18,4
DA:19,4
DA:20,4
DA:21,4
DA:22,2
DA:23,2
DA:24,2
DA:25,2
DA:26,2
DA:27,4
DA:28,4
DA:29,4
DA:30,4
DA:31,4
DA:33,2
DA:34,2
DA:35,2
DA:36,2
DA:37,2
DA:38,0
DA:39,0
DA:40,2
DA:42,2
DA:43,12
DA:44,5
LF:37
LH:33
BRDA:4,0,0,5
BRDA:5,1,0,12
BRDA:7,2,0,0
BRDA:8,3,0,4
BRDA:8,4,0,4
BRDA:8,5,0,8
BRDA:8,6,0,4
BRDA:10,7,0,0
BRDA:11,8,0,8
BRDA:11,9,0,0
BRDA:13,10,0,4
BRDA:31,11,0,2
BRDA:37,12,0,0
BRDA:42,13,0,1
BRDA:18,14,0,4
BRDA:19,15,0,4
BRDA:21,16,0,2
BRDA:30,17,0,2
BRF:18
BRH:14
end_of_record
TN:
SF:src\middleware\logging.ts
FN:4,requestLogger
FNF:1
FNH:1
FNDA:4,requestLogger
DA:1,1
DA:4,1
DA:5,4
DA:6,12
DA:7,12
DA:8,12
DA:9,12
DA:10,12
DA:12,12
DA:14,9
DA:15,9
DA:16,9
DA:17,9
DA:18,9
DA:19,9
DA:20,12
DA:21,12
DA:22,12
DA:23,12
DA:24,12
DA:25,12
DA:26,4
LF:22
LH:22
BRDA:4,0,0,4
BRDA:5,1,0,12
BRDA:12,2,0,11
BRDA:12,3,0,9
BRDA:20,4,0,0
BRDA:20,5,0,0
BRF:6
BRH:4
end_of_record
TN:
SF:src\middleware\rateLimit.ts
FN:6,rateLimit
FN:11,keyFrom
FN:17,take
FNF:3
FNH:3
FNDA:4,rateLimit
FNDA:11,keyFrom
FNDA:11,take
DA:1,1
DA:6,1
DA:7,4
DA:8,4
DA:9,4
DA:11,4
DA:12,11
DA:13,11
DA:14,11
DA:15,11
DA:17,4
DA:18,11
DA:19,11
DA:20,11
DA:21,11
DA:22,11
DA:23,11
DA:24,11
DA:25,11
DA:26,11
DA:27,11
DA:28,0
DA:29,0
DA:30,11
DA:32,4
DA:33,11
DA:34,11
DA:35,0
DA:36,0
DA:37,0
DA:38,11
DA:39,11
DA:40,4
LF:33
LH:28
BRDA:6,0,0,4
BRDA:11,1,0,11
BRDA:13,2,0,0
BRDA:13,3,0,0
BRDA:14,4,0,0
BRDA:17,5,0,11
BRDA:19,6,0,4
BRDA:27,7,0,0
BRDA:32,8,0,11
BRDA:34,9,0,0
BRDA:38,10,0,8
BRF:11
BRH:6
end_of_record
TN:
SF:src\middleware\requestId.ts
FN:4,requestId
FNF:1
FNH:1
FNDA:5,requestId
DA:1,1
DA:4,1
DA:5,5
DA:6,13
DA:7,13
DA:8,13
DA:9,13
DA:10,13
DA:11,5
LF:9
LH:9
BRDA:4,0,0,5
BRDA:5,1,0,13
BRDA:7,2,0,0
BRDA:7,3,0,12
BRDA:9,4,0,9
BRF:5
BRH:4
end_of_record
TN:
SF:src\middleware\security.ts
FN:3,securityHeaders
FNF:1
FNH:1
FNDA:4,securityHeaders
DA:3,1
DA:4,4
DA:5,12
DA:6,12
DA:7,12
DA:8,12
DA:10,12
DA:11,12
DA:12,12
DA:13,4
LF:10
LH:10
BRDA:3,0,0,4
BRDA:4,1,0,12
BRDA:11,2,0,9
BRF:3
BRH:3
end_of_record
TN:
SF:src\middleware\timeout.ts
FN:4,withTimeout
FN:9,onClose
FNF:2
FNH:2
FNDA:5,withTimeout
FNDA:9,onClose
DA:4,1
DA:5,5
DA:6,12
DA:7,12
DA:9,12
DA:10,12
DA:12,12
DA:13,12
DA:14,1
DA:15,1
DA:16,1
DA:17,1
DA:18,1
DA:19,1
DA:20,12
DA:22,12
DA:23,12
DA:24,8
DA:25,12
DA:26,11
DA:27,11
DA:28,11
DA:29,12
DA:30,5
LF:24
LH:24
BRDA:4,0,0,5
BRDA:5,1,0,12
BRDA:23,2,0,10
BRDA:23,3,0,8
BRDA:24,4,0,0
BRDA:25,5,0,11
BRDA:9,6,0,9
BRDA:13,7,0,1
BRF:8
BRH:7
end_of_record
TN:
SF:src\middleware\validate.ts
FN:12,validateBody
FN:23,validateQuery
FN:37,validate
FNF:3
FNH:2
FNDA:1,validateBody
FNDA:0,validateQuery
FNDA:3,validate
DA:1,1
DA:12,1
DA:13,1
DA:14,1
DA:15,1
DA:16,1
DA:17,1
DA:18,1
DA:19,0
DA:20,1
DA:21,1
DA:23,1
DA:24,0
DA:25,0
DA:26,0
DA:27,0
DA:28,0
DA:29,0
DA:30,0
DA:31,0
DA:32,0
DA:33,0
DA:34,0
DA:35,0
DA:37,3
DA:38,3
DA:39,3
DA:40,1
DA:41,0
DA:42,0
DA:43,0
DA:44,1
DA:45,1
DA:46,2
DA:47,2
DA:48,2
DA:49,2
DA:50,0
DA:51,0
DA:52,0
DA:53,2
DA:54,2
DA:55,1
DA:56,1
DA:57,3
DA:58,0
DA:59,0
DA:60,0
DA:61,0
DA:62,0
DA:63,0
DA:64,0
DA:65,0
DA:66,0
DA:68,3
DA:69,1
DA:70,1
DA:71,1
DA:72,1
DA:73,1
DA:74,1
DA:75,1
DA:76,1
DA:77,1
DA:78,0
DA:79,0
DA:80,2
DA:81,2
LF:68
LH:38
BRDA:12,0,0,1
BRDA:13,1,0,1
BRDA:18,2,0,0
BRDA:37,3,0,3
BRDA:39,4,0,1
BRDA:39,5,0,1
BRDA:40,6,0,0
BRDA:45,7,0,2
BRDA:49,8,0,0
BRDA:56,9,0,2
BRDA:57,10,0,0
BRDA:66,11,0,2
BRDA:68,12,0,1
BRDA:69,13,0,0
BRDA:70,14,0,0
BRDA:70,15,0,0
BRDA:72,16,0,0
BRDA:72,17,0,0
BRDA:74,18,0,0
BRDA:76,19,0,0
BRDA:76,20,0,0
BRDA:77,21,0,0
BRDA:79,22,0,2
BRF:23
BRH:10
end_of_record
TN:
SF:src\middleware\versioning.ts
FN:4,versionNegotiation
FN:25,header
FNF:2
FNH:2
FNDA:4,versionNegotiation
FNDA:9,header
DA:1,1
DA:4,1
DA:5,4
DA:6,4
DA:7,9
DA:9,9
DA:10,7
DA:11,7
DA:12,7
DA:13,9
DA:15,9
DA:16,1
DA:17,1
DA:19,8
DA:20,8
DA:21,8
DA:22,9
DA:23,4
DA:25,9
DA:26,9
DA:27,9
DA:28,9
DA:29,9
LF:23
LH:23
BRDA:4,0,0,4
BRDA:6,1,0,9
BRDA:9,2,0,8
BRDA:9,3,0,7
BRDA:13,4,0,1
BRDA:15,5,0,1
BRDA:17,6,0,8
BRDA:25,7,0,9
BRDA:26,8,0,8
BRDA:27,9,0,0
BRF:10
BRH:9
end_of_record
TN:
SF:src\util\config.ts
FN:10,loadConfig
FNF:1
FNH:1
FNDA:3,loadConfig
DA:10,1
DA:11,3
DA:12,3
DA:13,3
DA:14,3
DA:15,3
DA:16,3
DA:17,3
DA:18,3
DA:19,3
DA:20,3
LF:11
LH:11
BRDA:10,0,0,3
BRDA:12,1,0,2
BRDA:13,2,0,2
BRDA:14,3,0,2
BRDA:15,4,0,2
BRDA:16,5,0,2
BRDA:17,6,0,2
BRDA:17,7,0,5
BRF:8
BRH:8
end_of_record
TN:
SF:src\util\correlation.ts
FN:1,getOrCreateCorrelationId
FN:8,generateId
FNF:2
FNH:2
FNDA:15,getOrCreateCorrelationId
FNDA:27,generateId
DA:1,1
DA:2,15
DA:3,15
DA:4,15
DA:5,13
DA:6,13
DA:8,1
DA:9,27
DA:10,0
DA:11,0
DA:12,0
DA:13,0
LF:12
LH:8
BRDA:1,0,0,15
BRDA:2,1,0,13
BRDA:3,2,0,1
BRDA:3,3,0,14
BRDA:4,4,0,1
BRDA:4,5,0,13
BRDA:4,6,0,1
BRDA:8,7,0,27
BRDA:9,8,0,0
BRF:9
BRH:8
end_of_record
TN:
SF:src\util\errors.ts
FN:2,ApiError
FN:13,badRequest
FN:14,unauthorized
FN:15,forbidden
FN:16,notFound
FN:17,tooManyRequests
FN:18,timeout
FN:19,internal
FNF:8
FNH:2
FNDA:4,ApiError
FNDA:4,badRequest
FNDA:0,unauthorized
FNDA:0,forbidden
FNDA:0,notFound
FNDA:0,tooManyRequests
FNDA:0,timeout
FNDA:0,internal
DA:1,1
DA:2,1
DA:3,4
DA:4,4
DA:5,4
DA:6,4
DA:7,4
DA:8,4
DA:9,4
DA:10,1
DA:12,1
DA:13,1
DA:14,1
DA:15,1
DA:16,1
DA:17,1
DA:18,1
DA:19,1
DA:20,1
LF:19
LH:19
BRDA:2,0,0,4
BRDA:13,1,0,4
BRF:2
BRH:2
end_of_record
TN:
SF:src\util\etag.ts
FN:1,weakEtagFromString
FNF:1
FNH:1
FNDA:4,weakEtagFromString
DA:1,1
DA:3,4
DA:4,4
DA:5,34
DA:6,34
DA:7,34
DA:8,4
DA:9,4
LF:8
LH:8
BRDA:1,0,0,4
BRDA:4,1,0,34
BRF:2
BRH:2
end_of_record
TN:
SF:src\util\pagination.ts
FN:3,parsePagination
FN:9,intOrDefault
FN:15,clamp
FNF:3
FNH:3
FNDA:7,parsePagination
FNDA:14,intOrDefault
FNDA:7,clamp
DA:3,1
DA:4,7
DA:5,7
DA:6,7
DA:7,7
DA:9,14
DA:10,14
DA:11,9
DA:12,14
DA:13,14
DA:15,7
DA:16,7
DA:17,7
LF:13
LH:13
BRDA:3,0,0,7
BRDA:9,1,0,14
BRDA:10,2,0,5
BRDA:10,3,0,9
BRDA:12,4,0,7
BRDA:12,5,0,2
BRDA:15,6,0,7
BRF:7
BRH:7
end_of_record
TN:
SF:src\util\response.ts
FN:3,attachResponders
FN:4,ctx.send
FN:23,ctx.json
FN:24,ctx.text
FN:31,ctx.notFound
FN:32,ctx.unauthorized
FN:33,ctx.forbidden
FN:34,ctx.badRequest
FNF:8
FNH:5
FNDA:14,attachResponders
FNDA:14,ctx.send
FNDA:14,ctx.json
FNDA:0,ctx.text
FNDA:1,ctx.notFound
FNDA:1,ctx.unauthorized
FNDA:0,ctx.forbidden
FNDA:0,ctx.badRequest
DA:3,1
DA:4,14
DA:5,14
DA:6,14
DA:7,14
DA:8,0
DA:9,0
DA:10,0
DA:11,0
DA:12,14
DA:13,0
DA:14,0
DA:15,0
DA:16,0
DA:17,13
DA:18,13
DA:19,13
DA:20,13
DA:21,14
DA:23,14
DA:24,14
DA:25,0
DA:26,0
DA:27,0
DA:28,0
DA:29,0
DA:31,14
DA:32,14
DA:33,14
DA:34,14
DA:35,14
LF:31
LH:18
BRDA:3,0,0,14
BRDA:4,1,0,14
BRDA:5,2,0,1
BRDA:5,3,0,13
BRDA:6,4,0,0
BRDA:6,5,0,13
BRDA:7,6,0,0
BRDA:11,7,0,13
BRDA:12,8,0,0
BRDA:16,9,0,13
BRDA:23,10,0,14
BRDA:31,11,0,1
BRDA:32,12,0,1
BRF:13
BRH:10
end_of_record
